<?xml version="1.0" encoding="UTF-8"?>
<!-- Generated by org.testng.reporters.JUnitXMLReporter -->
<testsuite ignored="2" hostname="Ganesh_M" failures="0" tests="4" name="Test" time="13.288" errors="0" timestamp="2023-02-25T14:33:23 IST">
  <testcase classname="com.extendReport.ExtentReport" name="@AfterMethod getReport" time="-1.677315803216E9">
    <failure type="org.testng.TestNGException" message="
Can inject only one of &amp;lt;ITestContext, XmlTest, Method, Object[], ITestResult&amp;gt; into a @AfterMethod annotated getReport.
For more information on native dependency injection please refer to https://testng.org/doc/documentation-main.html#native-dependency-injection">
      <![CDATA[org.testng.TestNGException: 
Can inject only one of <ITestContext, XmlTest, Method, Object[], ITestResult> into a @AfterMethod annotated getReport.
For more information on native dependency injection please refer to https://testng.org/doc/documentation-main.html#native-dependency-injection
at java.base/java.util.ArrayList.forEach(ArrayList.java:1511)
... Removed 29 stack frames]]>
    </failure>
  </testcase> <!-- @AfterMethod getReport -->
  <testcase classname="com.extendReport.ExtentReport" name="@AfterMethod getReport" time="-1.677315803233E9">
    <skipped/>
  </testcase> <!-- @AfterMethod getReport -->
  <testcase classname="com.extendReport.ExtentReport" name="@AfterMethod getReport" time="-1.677315803241E9">
    <skipped/>
  </testcase> <!-- @AfterMethod getReport -->
  <testcase classname="com.extendReport.ExtentReport" name="@AfterMethod getReport" time="-1.677315803249E9">
    <skipped/>
  </testcase> <!-- @AfterMethod getReport -->
  <testcase classname="com.extendReport.ExtentReport" name="@AfterTest testEnd" time="-1.677315803249E9">
    <skipped/>
  </testcase> <!-- @AfterTest testEnd -->
  <testcase classname="com.testBaseApplication.BaseClass" name="homePage" time="6.189"/>
  <testcase classname="com.testBaseApplication.BaseClass" name="shopProduct" time="0.0">
    <skipped/>
  </testcase> <!-- shopProduct -->
  <testcase classname="com.testBaseApplication.BaseClass" name="vaildloginPage" time="0.0">
    <skipped/>
  </testcase> <!-- vaildloginPage -->
  <testcase classname="com.testBaseApplication.BaseClass" name="paymentProduct" time="0.0">
    <skipped/>
  </testcase> <!-- paymentProduct -->
  <testcase classname="com.extendReport.ExtentReport" name="@AfterTest testEnd" time="0.0">
    <ignored/>
  </testcase> <!-- @AfterTest testEnd -->
  <testcase classname="com.extendReport.ExtentReport" name="@AfterTest testEnd" time="0.0">
    <ignored/>
  </testcase> <!-- @AfterTest testEnd -->
</testsuite> <!-- Test -->
